2015-12-02 20:15:51,208 - Velocimacro : error using  VM library template VM_global_library.vm : org.apache.velocity.exception.ResourceNotFoundException: Unable to find resource 'VM_global_library.vm'
2015-12-02 20:15:51,208 - Velocimacro :  VM library template macro registration complete.
2015-12-02 20:15:51,208 - Velocimacro : allowInline = true : VMs can be defined inline in templates
2015-12-02 20:15:51,208 - Velocimacro : allowInlineToOverride = false : VMs defined inline may NOT replace previous VM definitions
2015-12-02 20:15:51,208 - Velocimacro : allowInlineLocal = false : VMs defined inline will be  global in scope if allowed.
2015-12-02 20:15:51,208 - Velocimacro : messages on  : VM system will output logging messages
2015-12-02 20:15:51,208 - Velocimacro : autoload off  : VM system will not automatically reload global library macros
2015-12-02 20:15:51,208 - Velocimacro : initialization complete.
2015-12-02 20:15:51,208 - Velocity successfully started.
2015-12-02 20:17:09,119 - SimpleLog4JLogSystem initialized using logfile 'velocity.log'
2015-12-02 20:17:09,119 - ************************************************************** 
2015-12-02 20:17:09,119 - Starting Jakarta Velocity v1.4
2015-12-02 20:17:09,119 - RuntimeInstance initializing.
2015-12-02 20:17:09,120 - Default Properties File: org/apache/velocity/runtime/defaults/velocity.properties
2015-12-02 20:17:09,120 - Trying to use logger class org.apache.velocity.runtime.log.SimpleLog4JLogSystem
2015-12-02 20:17:09,120 - Using logger class org.apache.velocity.runtime.log.SimpleLog4JLogSystem
2015-12-02 20:17:09,123 - Default ResourceManager initializing. (class org.apache.velocity.runtime.resource.ResourceManagerImpl)
2015-12-02 20:17:09,126 - Resource Loader Instantiated: org.apache.velocity.runtime.resource.loader.ClasspathResourceLoader
2015-12-02 20:17:09,126 - ClasspathResourceLoader : initialization starting.
2015-12-02 20:17:09,126 - ClasspathResourceLoader : initialization complete.
2015-12-02 20:17:09,129 - ResourceCache : initialized. (class org.apache.velocity.runtime.resource.ResourceCacheImpl)
2015-12-02 20:17:09,129 - Default ResourceManager initialization complete.
2015-12-02 20:17:09,130 - Loaded System Directive: org.apache.velocity.runtime.directive.Literal
2015-12-02 20:17:09,132 - Loaded System Directive: org.apache.velocity.runtime.directive.Macro
2015-12-02 20:17:09,135 - Loaded System Directive: org.apache.velocity.runtime.directive.Parse
2015-12-02 20:17:09,137 - Loaded System Directive: org.apache.velocity.runtime.directive.Include
2015-12-02 20:17:09,138 - Loaded System Directive: org.apache.velocity.runtime.directive.Foreach
2015-12-02 20:17:09,171 - Created: 20 parsers.
2015-12-02 20:17:09,180 - Velocimacro : initialization starting.
2015-12-02 20:17:09,180 - Velocimacro : adding VMs from VM library template : VM_global_library.vm
2015-12-02 20:17:09,185 - ResourceManager : unable to find resource 'VM_global_library.vm' in any resource loader.
2015-12-02 20:17:09,185 - Velocimacro : error using  VM library template VM_global_library.vm : org.apache.velocity.exception.ResourceNotFoundException: Unable to find resource 'VM_global_library.vm'
2015-12-02 20:17:09,185 - Velocimacro :  VM library template macro registration complete.
2015-12-02 20:17:09,185 - Velocimacro : allowInline = true : VMs can be defined inline in templates
2015-12-02 20:17:09,185 - Velocimacro : allowInlineToOverride = false : VMs defined inline may NOT replace previous VM definitions
2015-12-02 20:17:09,185 - Velocimacro : allowInlineLocal = false : VMs defined inline will be  global in scope if allowed.
2015-12-02 20:17:09,185 - Velocimacro : messages on  : VM system will output logging messages
2015-12-02 20:17:09,185 - Velocimacro : autoload off  : VM system will not automatically reload global library macros
2015-12-02 20:17:09,185 - Velocimacro : initialization complete.
2015-12-02 20:17:09,185 - Velocity successfully started.
2015-12-02 20:18:05,647 - SimpleLog4JLogSystem initialized using logfile 'velocity.log'
2015-12-02 20:18:05,648 - ************************************************************** 
2015-12-02 20:18:05,648 - Starting Jakarta Velocity v1.4
2015-12-02 20:18:05,648 - RuntimeInstance initializing.
2015-12-02 20:18:05,648 - Default Properties File: org/apache/velocity/runtime/defaults/velocity.properties
2015-12-02 20:18:05,648 - Trying to use logger class org.apache.velocity.runtime.log.SimpleLog4JLogSystem
2015-12-02 20:18:05,648 - Using logger class org.apache.velocity.runtime.log.SimpleLog4JLogSystem
2015-12-02 20:18:05,652 - Default ResourceManager initializing. (class org.apache.velocity.runtime.resource.ResourceManagerImpl)
2015-12-02 20:18:05,656 - Resource Loader Instantiated: org.apache.velocity.runtime.resource.loader.ClasspathResourceLoader
2015-12-02 20:18:05,656 - ClasspathResourceLoader : initialization starting.
2015-12-02 20:18:05,656 - ClasspathResourceLoader : initialization complete.
2015-12-02 20:18:05,658 - ResourceCache : initialized. (class org.apache.velocity.runtime.resource.ResourceCacheImpl)
2015-12-02 20:18:05,658 - Default ResourceManager initialization complete.
2015-12-02 20:18:05,660 - Loaded System Directive: org.apache.velocity.runtime.directive.Literal
2015-12-02 20:18:05,663 - Loaded System Directive: org.apache.velocity.runtime.directive.Macro
2015-12-02 20:18:05,666 - Loaded System Directive: org.apache.velocity.runtime.directive.Parse
2015-12-02 20:18:05,669 - Loaded System Directive: org.apache.velocity.runtime.directive.Include
2015-12-02 20:18:05,670 - Loaded System Directive: org.apache.velocity.runtime.directive.Foreach
2015-12-02 20:18:05,708 - Created: 20 parsers.
2015-12-02 20:18:05,718 - Velocimacro : initialization starting.
2015-12-02 20:18:05,718 - Velocimacro : adding VMs from VM library template : VM_global_library.vm
2015-12-02 20:18:05,724 - ResourceManager : unable to find resource 'VM_global_library.vm' in any resource loader.
2015-12-02 20:18:05,724 - Velocimacro : error using  VM library template VM_global_library.vm : org.apache.velocity.exception.ResourceNotFoundException: Unable to find resource 'VM_global_library.vm'
2015-12-02 20:18:05,724 - Velocimacro :  VM library template macro registration complete.
2015-12-02 20:18:05,724 - Velocimacro : allowInline = true : VMs can be defined inline in templates
2015-12-02 20:18:05,724 - Velocimacro : allowInlineToOverride = false : VMs defined inline may NOT replace previous VM definitions
2015-12-02 20:18:05,724 - Velocimacro : allowInlineLocal = false : VMs defined inline will be  global in scope if allowed.
2015-12-02 20:18:05,724 - Velocimacro : messages on  : VM system will output logging messages
2015-12-02 20:18:05,724 - Velocimacro : autoload off  : VM system will not automatically reload global library macros
2015-12-02 20:18:05,724 - Velocimacro : initialization complete.
2015-12-02 20:18:05,724 - Velocity successfully started.
2015-12-02 20:21:30,620 - SimpleLog4JLogSystem initialized using logfile 'velocity.log'
2015-12-02 20:21:30,620 - ************************************************************** 
2015-12-02 20:21:30,620 - Starting Jakarta Velocity v1.4
2015-12-02 20:21:30,620 - RuntimeInstance initializing.
2015-12-02 20:21:30,620 - Default Properties File: org/apache/velocity/runtime/defaults/velocity.properties
2015-12-02 20:21:30,620 - Trying to use logger class org.apache.velocity.runtime.log.SimpleLog4JLogSystem
2015-12-02 20:21:30,620 - Using logger class org.apache.velocity.runtime.log.SimpleLog4JLogSystem
2015-12-02 20:21:30,625 - Default ResourceManager initializing. (class org.apache.velocity.runtime.resource.ResourceManagerImpl)
2015-12-02 20:21:30,628 - Resource Loader Instantiated: org.apache.velocity.runtime.resource.loader.ClasspathResourceLoader
2015-12-02 20:21:30,629 - ClasspathResourceLoader : initialization starting.
2015-12-02 20:21:30,629 - ClasspathResourceLoader : initialization complete.
2015-12-02 20:21:30,633 - ResourceCache : initialized. (class org.apache.velocity.runtime.resource.ResourceCacheImpl)
2015-12-02 20:21:30,633 - Default ResourceManager initialization complete.
2015-12-02 20:21:30,635 - Loaded System Directive: org.apache.velocity.runtime.directive.Literal
2015-12-02 20:21:30,637 - Loaded System Directive: org.apache.velocity.runtime.directive.Macro
2015-12-02 20:21:30,641 - Loaded System Directive: org.apache.velocity.runtime.directive.Parse
2015-12-02 20:21:30,644 - Loaded System Directive: org.apache.velocity.runtime.directive.Include
2015-12-02 20:21:30,646 - Loaded System Directive: org.apache.velocity.runtime.directive.Foreach
2015-12-02 20:21:30,688 - Created: 20 parsers.
2015-12-02 20:21:30,700 - Velocimacro : initialization starting.
2015-12-02 20:21:30,700 - Velocimacro : adding VMs from VM library template : VM_global_library.vm
2015-12-02 20:21:30,705 - ResourceManager : unable to find resource 'VM_global_library.vm' in any resource loader.
2015-12-02 20:21:30,705 - Velocimacro : error using  VM library template VM_global_library.vm : org.apache.velocity.exception.ResourceNotFoundException: Unable to find resource 'VM_global_library.vm'
2015-12-02 20:21:30,705 - Velocimacro :  VM library template macro registration complete.
2015-12-02 20:21:30,705 - Velocimacro : allowInline = true : VMs can be defined inline in templates
2015-12-02 20:21:30,705 - Velocimacro : allowInlineToOverride = false : VMs defined inline may NOT replace previous VM definitions
2015-12-02 20:21:30,705 - Velocimacro : allowInlineLocal = false : VMs defined inline will be  global in scope if allowed.
2015-12-02 20:21:30,705 - Velocimacro : messages on  : VM system will output logging messages
2015-12-02 20:21:30,705 - Velocimacro : autoload off  : VM system will not automatically reload global library macros
2015-12-02 20:21:30,705 - Velocimacro : initialization complete.
2015-12-02 20:21:30,705 - Velocity successfully started.
2015-12-02 20:23:19,812 - SimpleLog4JLogSystem initialized using logfile 'velocity.log'
2015-12-02 20:23:19,813 - ************************************************************** 
2015-12-02 20:23:19,813 - Starting Jakarta Velocity v1.4
2015-12-02 20:23:19,813 - RuntimeInstance initializing.
2015-12-02 20:23:19,813 - Default Properties File: org/apache/velocity/runtime/defaults/velocity.properties
2015-12-02 20:23:19,813 - Trying to use logger class org.apache.velocity.runtime.log.SimpleLog4JLogSystem
2015-12-02 20:23:19,813 - Using logger class org.apache.velocity.runtime.log.SimpleLog4JLogSystem
2015-12-02 20:23:19,816 - Default ResourceManager initializing. (class org.apache.velocity.runtime.resource.ResourceManagerImpl)
2015-12-02 20:23:19,819 - Resource Loader Instantiated: org.apache.velocity.runtime.resource.loader.ClasspathResourceLoader
2015-12-02 20:23:19,819 - ClasspathResourceLoader : initialization starting.
2015-12-02 20:23:19,819 - ClasspathResourceLoader : initialization complete.
2015-12-02 20:23:19,821 - ResourceCache : initialized. (class org.apache.velocity.runtime.resource.ResourceCacheImpl)
2015-12-02 20:23:19,821 - Default ResourceManager initialization complete.
2015-12-02 20:23:19,823 - Loaded System Directive: org.apache.velocity.runtime.directive.Literal
2015-12-02 20:23:19,825 - Loaded System Directive: org.apache.velocity.runtime.directive.Macro
2015-12-02 20:23:19,828 - Loaded System Directive: org.apache.velocity.runtime.directive.Parse
2015-12-02 20:23:19,830 - Loaded System Directive: org.apache.velocity.runtime.directive.Include
2015-12-02 20:23:19,832 - Loaded System Directive: org.apache.velocity.runtime.directive.Foreach
2015-12-02 20:23:19,864 - Created: 20 parsers.
2015-12-02 20:23:19,872 - Velocimacro : initialization starting.
2015-12-02 20:23:19,872 - Velocimacro : adding VMs from VM library template : VM_global_library.vm
2015-12-02 20:23:19,877 - ResourceManager : unable to find resource 'VM_global_library.vm' in any resource loader.
2015-12-02 20:23:19,877 - Velocimacro : error using  VM library template VM_global_library.vm : org.apache.velocity.exception.ResourceNotFoundException: Unable to find resource 'VM_global_library.vm'
2015-12-02 20:23:19,878 - Velocimacro :  VM library template macro registration complete.
2015-12-02 20:23:19,878 - Velocimacro : allowInline = true : VMs can be defined inline in templates
2015-12-02 20:23:19,878 - Velocimacro : allowInlineToOverride = false : VMs defined inline may NOT replace previous VM definitions
2015-12-02 20:23:19,878 - Velocimacro : allowInlineLocal = false : VMs defined inline will be  global in scope if allowed.
2015-12-02 20:23:19,878 - Velocimacro : messages on  : VM system will output logging messages
2015-12-02 20:23:19,878 - Velocimacro : autoload off  : VM system will not automatically reload global library macros
2015-12-02 20:23:19,878 - Velocimacro : initialization complete.
2015-12-02 20:23:19,878 - Velocity successfully started.
2015-12-02 20:25:26,891 - SimpleLog4JLogSystem initialized using logfile 'velocity.log'
2015-12-02 20:25:26,892 - ************************************************************** 
2015-12-02 20:25:26,892 - Starting Jakarta Velocity v1.4
2015-12-02 20:25:26,892 - RuntimeInstance initializing.
2015-12-02 20:25:26,892 - Default Properties File: org/apache/velocity/runtime/defaults/velocity.properties
2015-12-02 20:25:26,892 - Trying to use logger class org.apache.velocity.runtime.log.SimpleLog4JLogSystem
2015-12-02 20:25:26,892 - Using logger class org.apache.velocity.runtime.log.SimpleLog4JLogSystem
2015-12-02 20:25:26,897 - Default ResourceManager initializing. (class org.apache.velocity.runtime.resource.ResourceManagerImpl)
2015-12-02 20:25:26,900 - Resource Loader Instantiated: org.apache.velocity.runtime.resource.loader.ClasspathResourceLoader
2015-12-02 20:25:26,900 - ClasspathResourceLoader : initialization starting.
2015-12-02 20:25:26,900 - ClasspathResourceLoader : initialization complete.
2015-12-02 20:25:26,904 - ResourceCache : initialized. (class org.apache.velocity.runtime.resource.ResourceCacheImpl)
2015-12-02 20:25:26,904 - Default ResourceManager initialization complete.
2015-12-02 20:25:26,906 - Loaded System Directive: org.apache.velocity.runtime.directive.Literal
2015-12-02 20:25:26,908 - Loaded System Directive: org.apache.velocity.runtime.directive.Macro
2015-12-02 20:25:26,911 - Loaded System Directive: org.apache.velocity.runtime.directive.Parse
2015-12-02 20:25:26,914 - Loaded System Directive: org.apache.velocity.runtime.directive.Include
2015-12-02 20:25:26,915 - Loaded System Directive: org.apache.velocity.runtime.directive.Foreach
2015-12-02 20:25:26,948 - Created: 20 parsers.
2015-12-02 20:25:26,956 - Velocimacro : initialization starting.
2015-12-02 20:25:26,956 - Velocimacro : adding VMs from VM library template : VM_global_library.vm
2015-12-02 20:25:26,961 - ResourceManager : unable to find resource 'VM_global_library.vm' in any resource loader.
2015-12-02 20:25:26,961 - Velocimacro : error using  VM library template VM_global_library.vm : org.apache.velocity.exception.ResourceNotFoundException: Unable to find resource 'VM_global_library.vm'
2015-12-02 20:25:26,961 - Velocimacro :  VM library template macro registration complete.
2015-12-02 20:25:26,961 - Velocimacro : allowInline = true : VMs can be defined inline in templates
2015-12-02 20:25:26,961 - Velocimacro : allowInlineToOverride = false : VMs defined inline may NOT replace previous VM definitions
2015-12-02 20:25:26,961 - Velocimacro : allowInlineLocal = false : VMs defined inline will be  global in scope if allowed.
2015-12-02 20:25:26,961 - Velocimacro : messages on  : VM system will output logging messages
2015-12-02 20:25:26,961 - Velocimacro : autoload off  : VM system will not automatically reload global library macros
2015-12-02 20:25:26,961 - Velocimacro : initialization complete.
2015-12-02 20:25:26,961 - Velocity successfully started.
2015-12-02 20:28:01,526 - SimpleLog4JLogSystem initialized using logfile 'velocity.log'
2015-12-02 20:28:01,526 - ************************************************************** 
2015-12-02 20:28:01,526 - Starting Jakarta Velocity v1.4
2015-12-02 20:28:01,526 - RuntimeInstance initializing.
2015-12-02 20:28:01,526 - Default Properties File: org/apache/velocity/runtime/defaults/velocity.properties
2015-12-02 20:28:01,526 - Trying to use logger class org.apache.velocity.runtime.log.SimpleLog4JLogSystem
2015-12-02 20:28:01,526 - Using logger class org.apache.velocity.runtime.log.SimpleLog4JLogSystem
2015-12-02 20:28:01,530 - Default ResourceManager initializing. (class org.apache.velocity.runtime.resource.ResourceManagerImpl)
2015-12-02 20:28:01,533 - Resource Loader Instantiated: org.apache.velocity.runtime.resource.loader.ClasspathResourceLoader
2015-12-02 20:28:01,533 - ClasspathResourceLoader : initialization starting.
2015-12-02 20:28:01,533 - ClasspathResourceLoader : initialization complete.
2015-12-02 20:28:01,536 - ResourceCache : initialized. (class org.apache.velocity.runtime.resource.ResourceCacheImpl)
2015-12-02 20:28:01,536 - Default ResourceManager initialization complete.
2015-12-02 20:28:01,538 - Loaded System Directive: org.apache.velocity.runtime.directive.Literal
2015-12-02 20:28:01,549 - Loaded System Directive: org.apache.velocity.runtime.directive.Macro
2015-12-02 20:28:01,552 - Loaded System Directive: org.apache.velocity.runtime.directive.Parse
2015-12-02 20:28:01,554 - Loaded System Directive: org.apache.velocity.runtime.directive.Include
2015-12-02 20:28:01,556 - Loaded System Directive: org.apache.velocity.runtime.directive.Foreach
2015-12-02 20:28:01,588 - Created: 20 parsers.
2015-12-02 20:28:01,597 - Velocimacro : initialization starting.
2015-12-02 20:28:01,597 - Velocimacro : adding VMs from VM library template : VM_global_library.vm
2015-12-02 20:28:01,603 - ResourceManager : unable to find resource 'VM_global_library.vm' in any resource loader.
2015-12-02 20:28:01,603 - Velocimacro : error using  VM library template VM_global_library.vm : org.apache.velocity.exception.ResourceNotFoundException: Unable to find resource 'VM_global_library.vm'
2015-12-02 20:28:01,603 - Velocimacro :  VM library template macro registration complete.
2015-12-02 20:28:01,603 - Velocimacro : allowInline = true : VMs can be defined inline in templates
2015-12-02 20:28:01,603 - Velocimacro : allowInlineToOverride = false : VMs defined inline may NOT replace previous VM definitions
2015-12-02 20:28:01,603 - Velocimacro : allowInlineLocal = false : VMs defined inline will be  global in scope if allowed.
2015-12-02 20:28:01,603 - Velocimacro : messages on  : VM system will output logging messages
2015-12-02 20:28:01,603 - Velocimacro : autoload off  : VM system will not automatically reload global library macros
2015-12-02 20:28:01,603 - Velocimacro : initialization complete.
2015-12-02 20:28:01,603 - Velocity successfully started.
